# JRE version: OpenJDK Runtime Environment GraalVM CE 17.0.8+7.1 (17.0.8+7) (build 17.0.8+7-jvmci-23.0-b15)
# Java VM: OpenJDK 64-Bit Server VM GraalVM CE 17.0.8+7.1 (17.0.8+7-jvmci-23.0-b15, mixed mode, sharing, tiered, jvmci, jvmci compiler, compressed oops, compressed class ptrs, g1 gc, windows-amd64)
GC Precious Log:
 CPUs: 4 total, 4 available
 Memory: 8058M
 Large Page Support: Disabled
 NUMA Support: Disabled
 Compressed Oops: Enabled (32-bit)
 Heap Region Size: 1M
 Heap Min Capacity: 8M
 Heap Initial Capacity: 126M
 Heap Max Capacity: 2016M
 Pre-touch: Disabled
 Parallel Workers: 4
 Concurrent Workers: 1
 Concurrent Refinement Workers: 4
 Periodic GC: Disabled
Heap:
 garbage-first heap   total 151552K, used 40321K [0x0000000082000000, 0x0000000100000000)
  region size 1024K, 9 young (9216K), 1 survivors (1024K)
 Metaspace       used 83934K, committed 84480K, reserved 1179648K
  class space    used 10161K, committed 10432K, reserved 1048576K
GC Heap History (20 events):
Event: 347.127 GC heap before
{Heap before GC invocations=83 (full 0):
 garbage-first heap   total 151552K, used 122272K [0x0000000082000000, 0x0000000100000000)
  region size 1024K, 88 young (90112K), 1 survivors (1024K)
 Metaspace       used 83820K, committed 84416K, reserved 1179648K
  class space    used 10146K, committed 10432K, reserved 1048576K
}
Event: 347.128 GC heap after
{Heap after GC invocations=84 (full 0):
 garbage-first heap   total 151552K, used 33174K [0x0000000082000000, 0x0000000100000000)
  region size 1024K, 1 young (1024K), 1 survivors (1024K)
 Metaspace       used 83820K, committed 84416K, reserved 1179648K
  class space    used 10146K, committed 10432K, reserved 1048576K
}
Event: 348.339 GC heap before
{Heap before GC invocations=84 (full 0):
 garbage-first heap   total 151552K, used 122262K [0x0000000082000000, 0x0000000100000000)
  region size 1024K, 88 young (90112K), 1 survivors (1024K)
 Metaspace       used 83820K, committed 84416K, reserved 1179648K
  class space    used 10146K, committed 10432K, reserved 1048576K
}
Event: 348.340 GC heap after
{Heap after GC invocations=85 (full 0):
 garbage-first heap   total 151552K, used 33175K [0x0000000082000000, 0x0000000100000000)
  region size 1024K, 1 young (1024K), 1 survivors (1024K)
 Metaspace       used 83820K, committed 84416K, reserved 1179648K
  class space    used 10146K, committed 10432K, reserved 1048576K
}
Event: 349.541 GC heap before
{Heap before GC invocations=85 (full 0):
 garbage-first heap   total 151552K, used 122263K [0x0000000082000000, 0x0000000100000000)
  region size 1024K, 88 young (90112K), 1 survivors (1024K)
 Metaspace       used 83820K, committed 84416K, reserved 1179648K
  class space    used 10146K, committed 10432K, reserved 1048576K
}
Event: 349.541 GC heap after
{Heap after GC invocations=86 (full 0):
 garbage-first heap   total 151552K, used 33174K [0x0000000082000000, 0x0000000100000000)
  region size 1024K, 1 young (1024K), 1 survivors (1024K)
 Metaspace       used 83820K, committed 84416K, reserved 1179648K
  class space    used 10146K, committed 10432K, reserved 1048576K
}
Event: 350.665 GC heap before
{Heap before GC invocations=86 (full 0):
 garbage-first heap   total 151552K, used 122262K [0x0000000082000000, 0x0000000100000000)
  region size 1024K, 88 young (90112K), 1 survivors (1024K)
 Metaspace       used 83820K, committed 84416K, reserved 1179648K
  class space    used 10146K, committed 10432K, reserved 1048576K
}
Event: 350.665 GC heap after
{Heap after GC invocations=87 (full 0):
 garbage-first heap   total 151552K, used 33138K [0x0000000082000000, 0x0000000100000000)
  region size 1024K, 1 young (1024K), 1 survivors (1024K)
 Metaspace       used 83820K, committed 84416K, reserved 1179648K
  class space    used 10146K, committed 10432K, reserved 1048576K
}
Event: 351.788 GC heap before
{Heap before GC invocations=87 (full 0):
 garbage-first heap   total 151552K, used 122226K [0x0000000082000000, 0x0000000100000000)
  region size 1024K, 88 young (90112K), 1 survivors (1024K)
 Metaspace       used 83821K, committed 84416K, reserved 1179648K
  class space    used 10146K, committed 10432K, reserved 1048576K
}
Event: 351.789 GC heap after
{Heap after GC invocations=88 (full 0):
 garbage-first heap   total 151552K, used 33189K [0x0000000082000000, 0x0000000100000000)
  region size 1024K, 1 young (1024K), 1 survivors (1024K)
 Metaspace       used 83821K, committed 84416K, reserved 1179648K
  class space    used 10146K, committed 10432K, reserved 1048576K
}
Event: 353.033 GC heap before
{Heap before GC invocations=88 (full 0):
 garbage-first heap   total 151552K, used 122277K [0x0000000082000000, 0x0000000100000000)
  region size 1024K, 88 young (90112K), 1 survivors (1024K)
 Metaspace       used 83821K, committed 84416K, reserved 1179648K
  class space    used 10146K, committed 10432K, reserved 1048576K
}
Event: 353.034 GC heap after
{Heap after GC invocations=89 (full 0):
 garbage-first heap   total 151552K, used 33155K [0x0000000082000000, 0x0000000100000000)
  region size 1024K, 1 young (1024K), 1 survivors (1024K)
 Metaspace       used 83821K, committed 84416K, reserved 1179648K
  class space    used 10146K, committed 10432K, reserved 1048576K
}
Event: 354.254 GC heap before
{Heap before GC invocations=89 (full 0):
 garbage-first heap   total 151552K, used 122243K [0x0000000082000000, 0x0000000100000000)
  region size 1024K, 88 young (90112K), 1 survivors (1024K)
 Metaspace       used 83821K, committed 84416K, reserved 1179648K
  class space    used 10146K, committed 10432K, reserved 1048576K
}
Event: 354.255 GC heap after
{Heap after GC invocations=90 (full 0):
 garbage-first heap   total 151552K, used 33155K [0x0000000082000000, 0x0000000100000000)
  region size 1024K, 1 young (1024K), 1 survivors (1024K)
 Metaspace       used 83821K, committed 84416K, reserved 1179648K
  class space    used 10146K, committed 10432K, reserved 1048576K
}
Event: 355.408 GC heap before
{Heap before GC invocations=90 (full 0):
 garbage-first heap   total 151552K, used 122243K [0x0000000082000000, 0x0000000100000000)
  region size 1024K, 88 young (90112K), 1 survivors (1024K)
 Metaspace       used 83821K, committed 84416K, reserved 1179648K
  class space    used 10146K, committed 10432K, reserved 1048576K
}
Event: 355.409 GC heap after
{Heap after GC invocations=91 (full 0):
 garbage-first heap   total 151552K, used 33173K [0x0000000082000000, 0x0000000100000000)
  region size 1024K, 1 young (1024K), 1 survivors (1024K)
 Metaspace       used 83821K, committed 84416K, reserved 1179648K
  class space    used 10146K, committed 10432K, reserved 1048576K
}
Event: 356.523 GC heap before
{Heap before GC invocations=91 (full 0):
 garbage-first heap   total 151552K, used 122261K [0x0000000082000000, 0x0000000100000000)
  region size 1024K, 88 young (90112K), 1 survivors (1024K)
 Metaspace       used 83821K, committed 84416K, reserved 1179648K
  class space    used 10146K, committed 10432K, reserved 1048576K
}
Event: 356.524 GC heap after
{Heap after GC invocations=92 (full 0):
 garbage-first heap   total 151552K, used 33198K [0x0000000082000000, 0x0000000100000000)
  region size 1024K, 1 young (1024K), 1 survivors (1024K)
 Metaspace       used 83821K, committed 84416K, reserved 1179648K
  class space    used 10146K, committed 10432K, reserved 1048576K
}
Event: 357.709 GC heap before
{Heap before GC invocations=92 (full 0):
 garbage-first heap   total 151552K, used 122286K [0x0000000082000000, 0x0000000100000000)
  region size 1024K, 88 young (90112K), 1 survivors (1024K)
 Metaspace       used 83821K, committed 84416K, reserved 1179648K
  class space    used 10146K, committed 10432K, reserved 1048576K
}
Event: 357.710 GC heap after
{Heap after GC invocations=93 (full 0):
 garbage-first heap   total 151552K, used 33153K [0x0000000082000000, 0x0000000100000000)
  region size 1024K, 1 young (1024K), 1 survivors (1024K)
 Metaspace       used 83821K, committed 84416K, reserved 1179648K
  class space    used 10146K, committed 10432K, reserved 1048576K
}

