# JRE version: OpenJDK Runtime Environment GraalVM CE 17.0.8+7.1 (17.0.8+7) (build 17.0.8+7-jvmci-23.0-b15)
# Java VM: OpenJDK 64-Bit Server VM GraalVM CE 17.0.8+7.1 (17.0.8+7-jvmci-23.0-b15, mixed mode, sharing, tiered, jvmci, jvmci compiler, compressed oops, compressed class ptrs, g1 gc, windows-amd64)
GC Precious Log:
 CPUs: 4 total, 4 available
 Memory: 8058M
 Large Page Support: Disabled
 NUMA Support: Disabled
 Compressed Oops: Enabled (32-bit)
 Heap Region Size: 1M
 Heap Min Capacity: 8M
 Heap Initial Capacity: 126M
 Heap Max Capacity: 2016M
 Pre-touch: Disabled
 Parallel Workers: 4
 Concurrent Workers: 1
 Concurrent Refinement Workers: 4
 Periodic GC: Disabled
Heap:
 garbage-first heap   total 86016K, used 42793K [0x0000000082000000, 0x0000000100000000)
  region size 1024K, 17 young (17408K), 5 survivors (5120K)
 Metaspace       used 77881K, committed 78400K, reserved 1179648K
  class space    used 10217K, committed 10432K, reserved 1048576K
GC Heap History (20 events):
Event: 5.871 GC heap before
{Heap before GC invocations=6 (full 0):
 garbage-first heap   total 51200K, used 35274K [0x0000000082000000, 0x0000000100000000)
  region size 1024K, 25 young (25600K), 6 survivors (6144K)
 Metaspace       used 28356K, committed 28736K, reserved 1114112K
  class space    used 3462K, committed 3648K, reserved 1048576K
}
Event: 5.892 GC heap after
{Heap after GC invocations=7 (full 0):
 garbage-first heap   total 51200K, used 17890K [0x0000000082000000, 0x0000000100000000)
  region size 1024K, 4 young (4096K), 4 survivors (4096K)
 Metaspace       used 28356K, committed 28736K, reserved 1114112K
  class space    used 3462K, committed 3648K, reserved 1048576K
}
Event: 6.628 GC heap before
{Heap before GC invocations=7 (full 0):
 garbage-first heap   total 51200K, used 36322K [0x0000000082000000, 0x0000000100000000)
  region size 1024K, 22 young (22528K), 4 survivors (4096K)
 Metaspace       used 31342K, committed 31808K, reserved 1114112K
  class space    used 3831K, committed 4032K, reserved 1048576K
}
Event: 6.648 GC heap after
{Heap after GC invocations=8 (full 0):
 garbage-first heap   total 51200K, used 19601K [0x0000000082000000, 0x0000000100000000)
  region size 1024K, 2 young (2048K), 2 survivors (2048K)
 Metaspace       used 31342K, committed 31808K, reserved 1114112K
  class space    used 3831K, committed 4032K, reserved 1048576K
}
Event: 7.353 GC heap before
{Heap before GC invocations=8 (full 0):
 garbage-first heap   total 51200K, used 33937K [0x0000000082000000, 0x0000000100000000)
  region size 1024K, 18 young (18432K), 2 survivors (2048K)
 Metaspace       used 35622K, committed 35968K, reserved 1114112K
  class space    used 4431K, committed 4608K, reserved 1048576K
}
Event: 7.363 GC heap after
{Heap after GC invocations=9 (full 0):
 garbage-first heap   total 51200K, used 19742K [0x0000000082000000, 0x0000000100000000)
  region size 1024K, 2 young (2048K), 2 survivors (2048K)
 Metaspace       used 35622K, committed 35968K, reserved 1114112K
  class space    used 4431K, committed 4608K, reserved 1048576K
}
Event: 8.628 GC heap before
{Heap before GC invocations=10 (full 0):
 garbage-first heap   total 51200K, used 39198K [0x0000000082000000, 0x0000000100000000)
  region size 1024K, 21 young (21504K), 2 survivors (2048K)
 Metaspace       used 44146K, committed 44544K, reserved 1114112K
  class space    used 5521K, committed 5696K, reserved 1048576K
}
Event: 8.639 GC heap after
{Heap after GC invocations=11 (full 0):
 garbage-first heap   total 51200K, used 21875K [0x0000000082000000, 0x0000000100000000)
  region size 1024K, 3 young (3072K), 3 survivors (3072K)
 Metaspace       used 44146K, committed 44544K, reserved 1114112K
  class space    used 5521K, committed 5696K, reserved 1048576K
}
Event: 8.667 GC heap before
{Heap before GC invocations=11 (full 0):
 garbage-first heap   total 51200K, used 21875K [0x0000000082000000, 0x0000000100000000)
  region size 1024K, 4 young (4096K), 3 survivors (3072K)
 Metaspace       used 44444K, committed 44864K, reserved 1114112K
  class space    used 5564K, committed 5760K, reserved 1048576K
}
Event: 8.677 GC heap after
{Heap after GC invocations=12 (full 0):
 garbage-first heap   total 51200K, used 22131K [0x0000000082000000, 0x0000000100000000)
  region size 1024K, 1 young (1024K), 1 survivors (1024K)
 Metaspace       used 44444K, committed 44864K, reserved 1114112K
  class space    used 5564K, committed 5760K, reserved 1048576K
}
Event: 9.464 GC heap before
{Heap before GC invocations=12 (full 0):
 garbage-first heap   total 51200K, used 37491K [0x0000000082000000, 0x0000000100000000)
  region size 1024K, 17 young (17408K), 1 survivors (1024K)
 Metaspace       used 48030K, committed 48384K, reserved 1114112K
  class space    used 6033K, committed 6208K, reserved 1048576K
}
Event: 9.469 GC heap after
{Heap after GC invocations=13 (full 0):
 garbage-first heap   total 100352K, used 22976K [0x0000000082000000, 0x0000000100000000)
  region size 1024K, 2 young (2048K), 2 survivors (2048K)
 Metaspace       used 48030K, committed 48384K, reserved 1114112K
  class space    used 6033K, committed 6208K, reserved 1048576K
}
Event: 12.819 GC heap before
{Heap before GC invocations=14 (full 0):
 garbage-first heap   total 86016K, used 76224K [0x0000000082000000, 0x0000000100000000)
  region size 1024K, 54 young (55296K), 2 survivors (2048K)
 Metaspace       used 61023K, committed 61568K, reserved 1114112K
  class space    used 7981K, committed 8256K, reserved 1048576K
}
Event: 12.830 GC heap after
{Heap after GC invocations=15 (full 0):
 garbage-first heap   total 86016K, used 25583K [0x0000000082000000, 0x0000000100000000)
  region size 1024K, 4 young (4096K), 4 survivors (4096K)
 Metaspace       used 61023K, committed 61568K, reserved 1114112K
  class space    used 7981K, committed 8256K, reserved 1048576K
}
Event: 14.372 GC heap before
{Heap before GC invocations=15 (full 0):
 garbage-first heap   total 86016K, used 66543K [0x0000000082000000, 0x0000000100000000)
  region size 1024K, 44 young (45056K), 4 survivors (4096K)
 Metaspace       used 64458K, committed 64960K, reserved 1114112K
  class space    used 8471K, committed 8704K, reserved 1048576K
}
Event: 14.383 GC heap after
{Heap after GC invocations=16 (full 0):
 garbage-first heap   total 86016K, used 27769K [0x0000000082000000, 0x0000000100000000)
  region size 1024K, 5 young (5120K), 5 survivors (5120K)
 Metaspace       used 64458K, committed 64960K, reserved 1114112K
  class space    used 8471K, committed 8704K, reserved 1048576K
}
Event: 15.670 GC heap before
{Heap before GC invocations=16 (full 0):
 garbage-first heap   total 86016K, used 66681K [0x0000000082000000, 0x0000000100000000)
  region size 1024K, 43 young (44032K), 5 survivors (5120K)
 Metaspace       used 68450K, committed 68992K, reserved 1114112K
  class space    used 8988K, committed 9216K, reserved 1048576K
}
Event: 15.684 GC heap after
{Heap after GC invocations=17 (full 0):
 garbage-first heap   total 86016K, used 30307K [0x0000000082000000, 0x0000000100000000)
  region size 1024K, 5 young (5120K), 5 survivors (5120K)
 Metaspace       used 68450K, committed 68992K, reserved 1114112K
  class space    used 8988K, committed 9216K, reserved 1048576K
}
Event: 32.762 GC heap before
{Heap before GC invocations=17 (full 0):
 garbage-first heap   total 86016K, used 66147K [0x0000000082000000, 0x0000000100000000)
  region size 1024K, 41 young (41984K), 5 survivors (5120K)
 Metaspace       used 75370K, committed 75968K, reserved 1179648K
  class space    used 9962K, committed 10240K, reserved 1048576K
}
Event: 32.772 GC heap after
{Heap after GC invocations=18 (full 0):
 garbage-first heap   total 86016K, used 32553K [0x0000000082000000, 0x0000000100000000)
  region size 1024K, 5 young (5120K), 5 survivors (5120K)
 Metaspace       used 75370K, committed 75968K, reserved 1179648K
  class space    used 9962K, committed 10240K, reserved 1048576K
}

